2023-06-25 18:39:41 INFO  Server:15 - Пошел нахуй!
2023-06-25 18:40:12 INFO  Server:15 - Пошел нахуй!
2023-06-25 18:40:12 DEBUG Server:16 - ds
2023-06-25 18:40:26 INFO  Server:15 - Пошел нахуй!
2023-06-25 18:40:26 ERROR Server:16 - ds
2023-06-25 18:40:37 INFO  Server:15 - Пошел нахуй!
2023-06-25 18:40:37 DEBUG Server:16 - ds
2023-06-25 18:55:24 INFO  ReceiveServer:34 - Соединение открыто
2023-06-25 18:55:32 INFO  ReceiveServer:49 - Manager.SenderClient@47d384ee
2023-06-25 18:55:32 INFO  ReceiveServer:34 - Соединение открыто
2023-06-25 19:01:05 INFO  Server:43 - Соединение открыто
2023-06-25 19:01:14 INFO  ReceiveServer:48 - Данные полученные с сервером
команда: show
аргумент: 
Город: null
2023-06-25 19:01:14 INFO  Server:43 - Соединение открыто
2023-06-25 19:01:54 INFO  Server:42 - Соединение открыто
2023-06-25 19:01:58 INFO  ReceiveServer:48 - Данные полученные с сервером
команда: show
аргумент: 
Город: null
2023-06-25 19:04:35 INFO  Server:42 - Соединение открыто
2023-06-25 19:04:39 INFO  ReceiveServer:48 - Данные полученные с сервера:
Команда: show
Аргумент: 
Город: null
2023-06-25 19:04:39 INFO  ReceiveServer:119 - Данные отправлены на клиент
2023-06-25 19:05:42 INFO  ReceiveServer:48 - Данные полученные с сервера:
Команда: clear
Аргумент: 
Город: null
2023-06-25 19:05:42 INFO  ReceiveServer:119 - Данные отправлены на клиент
2023-06-25 19:06:00 INFO  ReceiveServer:48 - Данные полученные с сервера:
Команда: insert
Аргумент: 4
Город: 
------------
Id: null
Name: dsa
Coordinates: X = 1 and Y = 1.0
Date time: Sun Jun 25 19:06:00 MSK 2023
Area: 1
Population: 1
Meters above sea level: 1
Agglomeration: 1.0
Climate: TUNDRA
Standard of living: LOW
Governor: sa
2023-06-25 19:06:00 INFO  ReceiveServer:108 - Данные отправлены на клиент
2023-06-25 19:06:36 INFO  ReceiveServer:48 - Данные полученные с сервера:
Команда: exit
Аргумент: 
Город: null
2023-06-25 19:06:36 INFO  ReceiveServer:119 - Данные отправлены на клиент
2023-06-25 19:07:19 INFO  Server:42 - Соединение открыто
2023-06-25 19:14:34 INFO  Server:42 - Соединение открыто
2023-06-25 19:14:58 INFO  ReceiveServer:50 - Данные полученные с сервера:
Команда: show
Аргумент: 
Город: null
2023-06-25 19:14:58 INFO  ReceiveServer:124 - Данные отправлены на клиент
2023-06-25 19:15:22 INFO  Server:42 - Соединение открыто
2023-06-25 19:15:27 INFO  ReceiveServer:50 - Данные полученные с сервера:
Команда: info
Аргумент: 
Город: null
2023-06-25 19:15:27 INFO  ReceiveServer:124 - Данные отправлены на клиент
2023-06-25 19:15:35 INFO  ReceiveServer:50 - Данные полученные с сервера:
Команда: info
Аргумент: 
Город: null
2023-06-25 19:15:35 INFO  ReceiveServer:124 - Данные отправлены на клиент
2023-06-25 19:15:40 INFO  ReceiveServer:50 - Данные полученные с сервера:
Команда: info
Аргумент: 
Город: null
2023-06-25 19:15:40 INFO  ReceiveServer:124 - Данные отправлены на клиент
2023-06-25 19:21:21 INFO  Server:42 - Соединение открыто
2023-06-25 19:21:36 INFO  ReceiveServer:53 - Данные полученные с сервера:
Команда: info
Аргумент: 
Город: null
2023-06-25 19:54:37 INFO  Server:42 - Соединение открыто
2023-06-25 19:54:44 INFO  ReceiveServer:46 - Данные полученные с сервера:
Команда: show
Аргумент: 
Город: null
2023-06-25 19:54:44 INFO  ReceiveServer:117 - Данные отправлены на клиент
2023-06-25 19:54:51 INFO  ReceiveServer:46 - Данные полученные с сервера:
Команда: clear
Аргумент: 
Город: null
2023-06-25 19:54:51 INFO  ReceiveServer:117 - Данные отправлены на клиент
2023-06-25 20:04:30 INFO  Server:42 - Соединение открыто
2023-06-25 20:04:57 INFO  ReceiveServer:46 - Данные полученные с сервера:
Команда: info
Аргумент: 
Город: null
2023-06-25 20:04:57 INFO  ReceiveServer:105 - Данные отправлены на клиент
2023-06-25 20:05:00 INFO  ReceiveServer:46 - Данные полученные с сервера:
Команда: info
Аргумент: 2
Город: null
2023-06-25 20:05:00 INFO  ReceiveServer:94 - Данные отправлены на клиент
2023-06-25 20:06:21 INFO  ReceiveServer:46 - Данные полученные с сервера:
Команда: filter_contains_name
Аргумент: 
Город: null
2023-06-25 20:06:21 INFO  ReceiveServer:105 - Данные отправлены на клиент
2023-06-25 20:06:23 INFO  ReceiveServer:46 - Данные полученные с сервера:
Команда: filter_contains_name
Аргумент: a
Город: null
2023-06-25 20:06:23 INFO  ReceiveServer:94 - Данные отправлены на клиент
2023-06-25 20:06:31 INFO  ReceiveServer:46 - Данные полученные с сервера:
Команда: filter_contains_name
Аргумент: sa
Город: null
2023-06-25 20:06:31 INFO  ReceiveServer:94 - Данные отправлены на клиент
2023-06-25 20:06:35 INFO  ReceiveServer:46 - Данные полученные с сервера:
Команда: info
Аргумент: 
Город: null
2023-06-25 20:06:35 INFO  ReceiveServer:105 - Данные отправлены на клиент
2023-06-25 20:06:51 INFO  ReceiveServer:46 - Данные полученные с сервера:
Команда: filter_contains_name
Аргумент: sa
Город: null
2023-06-25 20:06:51 INFO  ReceiveServer:94 - Данные отправлены на клиент
2023-06-25 20:10:55 INFO  Server:42 - Соединение открыто
2023-06-25 20:19:37 INFO  Server:42 - Соединение открыто
2023-06-25 20:19:40 INFO  ReceiveServer:46 - Данные полученные с сервера:
Команда: insert
Аргумент: 
Город: null
2023-06-25 20:19:40 INFO  ReceiveServer:105 - Данные отправлены на клиент
2023-06-25 20:19:47 INFO  ReceiveServer:46 - Данные полученные с сервера:
Команда: insert
Аргумент: d
Город: null
2023-06-25 20:22:54 INFO  Server:42 - Соединение открыто
2023-06-25 20:23:05 INFO  ReceiveServer:46 - Данные полученные с сервера:
Команда: insert
Аргумент: d
Город: null
2023-06-25 20:23:19 INFO  Server:42 - Соединение открыто
2023-06-25 20:23:20 INFO  ReceiveServer:46 - Данные полученные с сервера:
Команда: ds
Аргумент: 
Город: null
2023-06-25 20:23:20 INFO  ReceiveServer:81 - Данные отправлены на клиент
2023-06-25 20:23:27 INFO  ReceiveServer:46 - Данные полученные с сервера:
Команда: ds
Аргумент: ds
Город: null
2023-06-25 20:23:27 INFO  ReceiveServer:81 - Данные отправлены на клиент
2023-06-25 20:23:38 INFO  ReceiveServer:46 - Данные полученные с сервера:
Команда: clear
Аргумент: d
Город: null
2023-06-25 20:23:38 INFO  ReceiveServer:98 - Данные отправлены на клиент
2023-06-25 20:23:47 INFO  Server:42 - Соединение открыто
2023-06-25 20:23:58 INFO  ReceiveServer:46 - Данные полученные с сервера:
Команда: info
Аргумент: f
Город: null
2023-06-25 20:23:58 INFO  ReceiveServer:98 - Данные отправлены на клиент
2023-06-25 20:24:12 INFO  ReceiveServer:46 - Данные полученные с сервера:
Команда: insert
Аргумент: d
Город: null
2023-06-25 20:25:12 INFO  Server:42 - Соединение открыто
2023-06-25 20:25:29 INFO  ReceiveServer:46 - Данные полученные с сервера:
Команда: info
Аргумент: g
Город: null
2023-06-25 20:25:54 INFO  Server:42 - Соединение открыто
2023-06-25 20:26:00 INFO  ReceiveServer:46 - Данные полученные с сервера:
Команда: info
Аргумент: g
Город: null
2023-06-25 20:27:00 INFO  Server:42 - Соединение открыто
2023-06-25 20:27:07 INFO  ReceiveServer:46 - Данные полученные с сервера:
Команда: info
Аргумент: f
Город: null
2023-06-25 20:27:07 INFO  ReceiveServer:99 - Данные отправлены на клиент
2023-06-25 20:27:57 INFO  Server:42 - Соединение открыто
2023-06-25 20:28:03 INFO  ReceiveServer:46 - Данные полученные с сервера:
Команда: inso
Аргумент: g
Город: null
2023-06-25 20:28:03 INFO  ReceiveServer:82 - Данные отправлены на клиент
2023-06-25 20:28:29 INFO  Server:42 - Соединение открыто
2023-06-25 20:28:36 INFO  ReceiveServer:46 - Данные полученные с сервера:
Команда: info
Аргумент: f
Город: null
2023-06-25 20:28:36 INFO  ReceiveServer:100 - Данные отправлены на клиент
2023-06-25 20:28:48 INFO  ReceiveServer:46 - Данные полученные с сервера:
Команда: info
Аргумент: 
Город: null
2023-06-25 20:28:48 INFO  ReceiveServer:111 - Данные отправлены на клиент
2023-06-25 20:28:54 INFO  ReceiveServer:46 - Данные полученные с сервера:
Команда: insert
Аргумент: s
Город: null
2023-06-25 20:29:33 INFO  Server:42 - Соединение открыто
2023-06-25 20:29:36 INFO  ReceiveServer:46 - Данные полученные с сервера:
Команда: info
Аргумент: g
Город: null
2023-06-25 20:31:04 INFO  Server:42 - Соединение открыто
2023-06-25 20:31:11 INFO  ReceiveServer:46 - Данные полученные с сервера:
Команда: insert
Аргумент: d
Город: null
2023-06-25 20:45:45 INFO  Server:42 - Соединение открыто
2023-06-25 20:45:48 INFO  ReceiveServer:46 - Данные полученные с сервера:
Команда: insert
Аргумент: d
Город: null
2023-06-25 20:46:09 INFO  Server:42 - Соединение открыто
2023-06-25 20:46:14 INFO  ReceiveServer:46 - Данные полученные с сервера:
Команда: d
Аргумент: d
Город: null
2023-06-25 20:46:14 INFO  ReceiveServer:80 - Данные отправлены на клиент
2023-06-25 20:46:23 INFO  ReceiveServer:46 - Данные полученные с сервера:
Команда: info
Аргумент: f
Город: null
2023-06-25 20:46:23 INFO  ReceiveServer:93 - Данные отправлены на клиент
2023-06-25 20:48:41 INFO  Server:42 - Соединение открыто
2023-06-25 20:48:53 INFO  ReceiveServer:46 - Данные полученные с сервера:
Команда: show
Аргумент: s
Город: null
2023-06-25 20:48:54 INFO  ReceiveServer:93 - Данные отправлены на клиент
2023-06-25 20:52:01 INFO  Server:42 - Соединение открыто
2023-06-25 20:52:09 INFO  ReceiveServer:46 - Данные полученные с сервера:
Команда: show
Аргумент: d
Город: null
2023-06-25 20:52:09 INFO  ReceiveServer:93 - Данные отправлены на клиент
2023-06-25 20:52:13 INFO  ReceiveServer:46 - Данные полученные с сервера:
Команда: info
Аргумент: f
Город: null
2023-06-25 20:52:13 INFO  ReceiveServer:93 - Данные отправлены на клиент
2023-06-25 20:52:20 INFO  ReceiveServer:46 - Данные полученные с сервера:
Команда: remove_greater
Аргумент: d
Город: null
2023-06-25 20:52:20 INFO  ReceiveServer:93 - Данные отправлены на клиент
2023-06-25 20:52:42 INFO  ReceiveServer:46 - Данные полученные с сервера:
Команда: insert
Аргумент: d
Город: null
2023-06-25 20:53:35 INFO  Server:42 - Соединение открыто
2023-06-25 20:54:02 INFO  ReceiveServer:46 - Данные полученные с сервера:
Команда: remove_lower
Аргумент: 
Город: 
------------
Id: null
Name: fd
Coordinates: X = 1 and Y = 1.0
Date time: Sun Jun 25 20:54:02 MSK 2023
Area: 1
Population: 1
Meters above sea level: 1
Agglomeration: 11.0
Climate: TUNDRA
Standard of living: LOW
Governor: SA
2023-06-25 20:54:02 INFO  ReceiveServer:104 - Данные отправлены на клиент
2023-06-25 20:54:07 INFO  ReceiveServer:46 - Данные полученные с сервера:
Команда: remove_lower
Аргумент: d
Город: null
2023-06-25 20:54:07 INFO  ReceiveServer:93 - Данные отправлены на клиент
2023-06-25 20:54:15 INFO  ReceiveServer:46 - Данные полученные с сервера:
Команда: remove_lower
Аргумент: d
Город: null
2023-06-25 20:54:42 INFO  Server:42 - Соединение открыто
2023-06-25 20:54:48 INFO  ReceiveServer:46 - Данные полученные с сервера:
Команда: remove_lower
Аргумент: g
Город: null
2023-06-25 20:55:36 INFO  Server:42 - Соединение открыто
2023-06-25 20:55:51 INFO  ReceiveServer:46 - Данные полученные с сервера:
Команда: remove_lower
Аргумент: h
Город: null
2023-06-25 20:58:06 INFO  Server:42 - Соединение открыто
2023-06-25 20:58:11 INFO  ReceiveServer:46 - Данные полученные с сервера:
Команда: remove_lower
Аргумент: h
Город: null
2023-06-25 20:58:11 INFO  ReceiveServer:93 - Данные отправлены на клиент
2023-06-25 20:58:40 INFO  ReceiveServer:46 - Данные полученные с сервера:
Команда: remove_lower
Аргумент: h
Город: null
2023-06-25 20:58:40 INFO  ReceiveServer:93 - Данные отправлены на клиент
2023-06-25 20:59:14 INFO  ReceiveServer:46 - Данные полученные с сервера:
Команда: remove_greater
Аргумент: g
Город: null
2023-06-25 21:00:18 INFO  Server:42 - Соединение открыто
2023-06-25 21:00:27 INFO  ReceiveServer:46 - Данные полученные с сервера:
Команда: remove_greater
Аргумент: g
Город: null
2023-06-25 21:00:27 INFO  ReceiveServer:93 - Данные отправлены на клиент
2023-06-25 21:00:30 INFO  ReceiveServer:46 - Данные полученные с сервера:
Команда: remove_greater
Аргумент: g
Город: null
2023-06-25 21:00:30 INFO  ReceiveServer:93 - Данные отправлены на клиент
2023-06-25 21:00:48 INFO  Server:42 - Соединение открыто
2023-06-25 21:00:52 INFO  ReceiveServer:46 - Данные полученные с сервера:
Команда: insert
Аргумент: f
Город: null
2023-06-25 21:02:36 INFO  Server:42 - Соединение открыто
2023-06-25 21:02:45 INFO  ReceiveServer:46 - Данные полученные с сервера:
Команда: insert
Аргумент: f
Город: null
2023-06-25 21:04:50 INFO  Server:42 - Соединение открыто
2023-06-25 21:04:58 INFO  ReceiveServer:46 - Данные полученные с сервера:
Команда: insert
Аргумент: f
Город: null
2023-06-25 21:04:58 INFO  ReceiveServer:93 - Данные отправлены на клиент
2023-06-25 21:05:01 INFO  ReceiveServer:46 - Данные полученные с сервера:
Команда: insert
Аргумент: f
Город: null
2023-06-25 21:05:01 INFO  ReceiveServer:93 - Данные отправлены на клиент
2023-06-25 21:05:27 INFO  ReceiveServer:46 - Данные полученные с сервера:
Команда: insert
Аргумент: 3
Город: null
2023-06-25 21:09:10 INFO  Server:42 - Соединение открыто
2023-06-25 21:09:18 INFO  ReceiveServer:46 - Данные полученные с сервера:
Команда: insert
Аргумент: 3
Город: null
2023-06-25 21:11:51 INFO  Server:42 - Соединение открыто
2023-06-25 21:11:55 INFO  ReceiveServer:46 - Данные полученные с сервера:
Команда: insert
Аргумент: 3
Город: null
2023-06-25 21:13:55 INFO  Server:42 - Соединение открыто
2023-06-25 21:14:01 INFO  ReceiveServer:46 - Данные полученные с сервера:
Команда: insert
Аргумент: 3
Город: null
2023-06-25 21:18:05 INFO  Server:42 - Соединение открыто
2023-06-25 21:18:08 INFO  ReceiveServer:46 - Данные полученные с сервера:
Команда: insert
Аргумент: d
Город: null
2023-06-25 21:18:08 INFO  ReceiveServer:93 - Данные отправлены на клиент
2023-06-25 21:18:11 INFO  ReceiveServer:46 - Данные полученные с сервера:
Команда: insert
Аргумент: 3
Город: null
2023-06-25 21:18:11 INFO  ReceiveServer:93 - Данные отправлены на клиент
2023-06-25 21:20:17 INFO  Server:42 - Соединение открыто
2023-06-25 21:20:23 INFO  ReceiveServer:46 - Данные полученные с сервера:
Команда: execute_script
Аргумент: /Users/skipulia/Desktop/file_test/t3
Город: null
2023-06-25 21:20:23 INFO  ReceiveServer:93 - Данные отправлены на клиент
2023-06-25 21:21:03 INFO  ReceiveServer:46 - Данные полученные с сервера:
Команда: insert
Аргумент: 3
Город: 
------------
Id: null
Name: ssa
Coordinates: X = 1 and Y = 1.0
Date time: Sun Jun 25 21:21:03 MSK 2023
Area: 1
Population: 1
Meters above sea level: 1
Agglomeration: 1.0
Climate: TUNDRA
Standard of living: LOW
Governor: sa
2023-06-25 21:21:03 INFO  ReceiveServer:93 - Данные отправлены на клиент
2023-06-25 21:21:54 INFO  ReceiveServer:46 - Данные полученные с сервера:
Команда: execute_script
Аргумент: /Users/skipulia/Desktop/file_test/t3
Город: null
2023-06-25 21:21:54 INFO  ReceiveServer:93 - Данные отправлены на клиент
2023-06-25 21:22:02 INFO  Server:42 - Соединение открыто
2023-06-25 21:22:04 INFO  ReceiveServer:46 - Данные полученные с сервера:
Команда: execute_script
Аргумент: /Users/skipulia/Desktop/file_test/t3
Город: null
2023-06-25 21:22:04 INFO  ReceiveServer:93 - Данные отправлены на клиент
2023-06-25 21:23:15 INFO  Server:42 - Соединение открыто
2023-06-25 21:23:19 INFO  ReceiveServer:46 - Данные полученные с сервера:
Команда: execute_script
Аргумент: /Users/skipulia/Desktop/file_test/t3
Город: null
2023-06-25 21:23:19 INFO  ReceiveServer:93 - Данные отправлены на клиент
2023-06-25 21:23:36 INFO  Server:42 - Соединение открыто
2023-06-25 21:23:45 INFO  ReceiveServer:46 - Данные полученные с сервера:
Команда: insert
Аргумент: 4
Город: null
2023-06-25 21:23:53 INFO  Server:42 - Соединение открыто
2023-06-25 21:25:50 INFO  Server:42 - Соединение открыто
2023-06-25 21:25:53 INFO  Server:42 - Соединение открыто
2023-06-25 21:26:03 INFO  ReceiveServer:46 - Данные полученные с сервера:
Команда: insert
Аргумент: 3
Город: null
2023-06-25 21:26:03 INFO  ReceiveServer:93 - Данные отправлены на клиент
2023-06-25 21:26:06 INFO  ReceiveServer:46 - Данные полученные с сервера:
Команда: insert
Аргумент: 3
Город: null
2023-06-25 21:26:06 INFO  ReceiveServer:93 - Данные отправлены на клиент
2023-06-25 21:26:42 INFO  ReceiveServer:46 - Данные полученные с сервера:
Команда: message
Аргумент: =
Город: null
2023-06-25 21:26:42 INFO  ReceiveServer:80 - Данные отправлены на клиент
2023-06-25 21:26:54 INFO  ReceiveServer:46 - Данные полученные с сервера:
Команда: return
Аргумент: new
Город: null
2023-06-25 21:26:54 INFO  ReceiveServer:80 - Данные отправлены на клиент
2023-06-25 21:27:02 INFO  ReceiveServer:46 - Данные полученные с сервера:
Команда: execute_script
Аргумент: /Users/skipulia/Desktop/file_test/t3
Город: null
2023-06-25 21:27:02 INFO  ReceiveServer:93 - Данные отправлены на клиент
2023-06-25 21:27:21 INFO  Server:42 - Соединение открыто
2023-06-25 21:27:23 INFO  ReceiveServer:46 - Данные полученные с сервера:
Команда: execute_script
Аргумент: /Users/skipulia/Desktop/file_test/t3
Город: null
2023-06-25 21:27:23 INFO  ReceiveServer:93 - Данные отправлены на клиент
2023-06-25 21:27:24 INFO  ReceiveServer:46 - Данные полученные с сервера:
Команда: execute_script
Аргумент: /Users/skipulia/Desktop/file_test/t3
Город: null
2023-06-25 21:27:24 INFO  ReceiveServer:93 - Данные отправлены на клиент
2023-06-25 21:30:33 INFO  Server:42 - Соединение открыто
2023-06-25 21:30:45 INFO  ReceiveServer:46 - Данные полученные с сервера:
Команда: execute_script
Аргумент: d
Город: null
2023-06-25 21:30:45 INFO  ReceiveServer:93 - Данные отправлены на клиент
2023-06-25 21:30:55 INFO  ReceiveServer:46 - Данные полученные с сервера:
Команда: execute_script
Аргумент: 3
Город: null
2023-06-25 21:30:55 INFO  ReceiveServer:93 - Данные отправлены на клиент
2023-06-25 21:32:11 INFO  Server:42 - Соединение открыто
2023-06-25 21:32:17 INFO  ReceiveServer:46 - Данные полученные с сервера:
Команда: execute_script
Аргумент: f
Город: null
2023-06-25 21:32:17 INFO  ReceiveServer:93 - Данные отправлены на клиент
2023-06-25 21:32:33 INFO  ReceiveServer:46 - Данные полученные с сервера:
Команда: execute_script
Аргумент: /Users/skipulia/Desktop/file_test/t3
Город: null
2023-06-25 21:32:33 INFO  ReceiveServer:93 - Данные отправлены на клиент
2023-06-25 21:32:40 INFO  ReceiveServer:46 - Данные полученные с сервера:
Команда: execute_script
Аргумент: /Users/skipulia/Desktop/file_test/t3
Город: null
2023-06-25 21:32:40 INFO  ReceiveServer:93 - Данные отправлены на клиент
2023-06-25 21:37:23 INFO  ReceiveServer:46 - Данные полученные с сервера:
Команда: execute_script
Аргумент: /Users/skipulia/Desktop/file_test/t3
Город: null
2023-06-25 21:37:23 INFO  ReceiveServer:93 - Данные отправлены на клиент
2023-06-25 21:37:49 INFO  Server:42 - Соединение открыто
2023-06-25 21:37:52 INFO  ReceiveServer:45 - Данные полученные с сервера:
Команда: /Users/skipulia/Desktop/file_test/t3
Аргумент: 
Город: null
2023-06-25 21:37:52 INFO  ReceiveServer:79 - Данные отправлены на клиент
2023-06-25 21:37:58 INFO  ReceiveServer:45 - Данные полученные с сервера:
Команда: execute_script
Аргумент: /Users/skipulia/Desktop/file_test/t3
Город: null
2023-06-25 21:37:58 INFO  ReceiveServer:92 - Данные отправлены на клиент
2023-06-25 21:38:03 INFO  ReceiveServer:45 - Данные полученные с сервера:
Команда: execute_script
Аргумент: /Users/skipulia/Desktop/file_test/t3
Город: null
2023-06-25 21:38:03 INFO  ReceiveServer:92 - Данные отправлены на клиент
2023-06-25 21:38:05 INFO  ReceiveServer:45 - Данные полученные с сервера:
Команда: execute_script
Аргумент: /Users/skipulia/Desktop/file_test/t3
Город: null
2023-06-25 21:38:05 INFO  ReceiveServer:92 - Данные отправлены на клиент
2023-06-25 21:38:06 INFO  ReceiveServer:45 - Данные полученные с сервера:
Команда: execute_script
Аргумент: /Users/skipulia/Desktop/file_test/t3
Город: null
2023-06-25 21:38:06 INFO  ReceiveServer:92 - Данные отправлены на клиент
2023-06-25 21:38:08 INFO  ReceiveServer:45 - Данные полученные с сервера:
Команда: execute_script
Аргумент: /Users/skipulia/Desktop/file_test/t3
Город: null
2023-06-25 21:38:08 INFO  ReceiveServer:92 - Данные отправлены на клиент
2023-06-25 21:38:49 INFO  ReceiveServer:45 - Данные полученные с сервера:
Команда: execute_script
Аргумент: /Users/skipulia/Desktop/file_test/script
Город: null
2023-06-25 21:38:49 INFO  ReceiveServer:92 - Данные отправлены на клиент
2023-06-25 21:40:49 INFO  ReceiveServer:45 - Данные полученные с сервера:
Команда: execute_script
Аргумент: /Users/skipulia/Desktop/file_test/script
Город: null
2023-06-25 21:40:49 INFO  ReceiveServer:92 - Данные отправлены на клиент
2023-06-25 21:41:52 INFO  ReceiveServer:45 - Данные полученные с сервера:
Команда: execute_script
Аргумент: /Users/skipulia/Desktop/file_test/script
Город: null
2023-06-25 21:41:52 INFO  ReceiveServer:92 - Данные отправлены на клиент
2023-06-25 21:43:40 INFO  ReceiveServer:45 - Данные полученные с сервера:
Команда: execute_script
Аргумент: /Users/skipulia/Desktop/file_test/t3
Город: null
2023-06-25 21:43:40 INFO  ReceiveServer:92 - Данные отправлены на клиент
2023-06-25 21:43:47 INFO  ReceiveServer:45 - Данные полученные с сервера:
Команда: execute_script
Аргумент: /Users/skipulia/Desktop/file_test/t3
Город: null
2023-06-25 21:43:47 INFO  ReceiveServer:92 - Данные отправлены на клиент
2023-06-25 21:45:02 INFO  Server:42 - Соединение открыто
2023-06-25 21:45:06 INFO  ReceiveServer:45 - Данные полученные с сервера:
Команда: execute_script
Аргумент: /Users/skipulia/Desktop/file_test/t3
Город: null
2023-06-25 21:45:06 INFO  ReceiveServer:92 - Данные отправлены на клиент
2023-06-25 21:45:10 INFO  ReceiveServer:45 - Данные полученные с сервера:
Команда: /Users/skipulia/Desktop/file_test/t3
Аргумент: 
Город: null
2023-06-25 21:46:01 INFO  Server:42 - Соединение открыто
2023-06-25 21:46:20 INFO  Server:42 - Соединение открыто
2023-06-25 21:46:24 INFO  ReceiveServer:45 - Данные полученные с сервера:
Команда: execute_script
Аргумент: /Users/skipulia/Desktop/file_test/t3
Город: null
2023-06-25 21:46:24 INFO  ReceiveServer:92 - Данные отправлены на клиент
2023-06-25 21:46:27 INFO  ReceiveServer:45 - Данные полученные с сервера:
Команда: f
Аргумент: 
Город: null
2023-06-25 21:48:11 INFO  Server:42 - Соединение открыто
2023-06-25 21:48:15 INFO  ReceiveServer:45 - Данные полученные с сервера:
Команда: info
Аргумент: 
Город: null
2023-06-25 21:48:15 INFO  ReceiveServer:103 - Данные отправлены на клиент
2023-06-25 21:48:17 INFO  ReceiveServer:45 - Данные полученные с сервера:
Команда: f
Аргумент: 
Город: null
2023-06-25 21:48:17 INFO  ReceiveServer:79 - Данные отправлены на клиент
2023-06-25 21:48:18 INFO  ReceiveServer:45 - Данные полученные с сервера:
Команда: f
Аргумент: 
Город: null
2023-06-25 21:48:18 INFO  ReceiveServer:79 - Данные отправлены на клиент
2023-06-25 21:48:18 INFO  ReceiveServer:45 - Данные полученные с сервера:
Команда: f
Аргумент: 
Город: null
2023-06-25 21:48:18 INFO  ReceiveServer:79 - Данные отправлены на клиент
2023-06-25 21:48:18 INFO  ReceiveServer:45 - Данные полученные с сервера:
Команда: f
Аргумент: 
Город: null
2023-06-25 21:48:18 INFO  ReceiveServer:79 - Данные отправлены на клиент
2023-06-25 21:48:19 INFO  ReceiveServer:45 - Данные полученные с сервера:
Команда: f
Аргумент: 
Город: null
2023-06-25 21:48:19 INFO  ReceiveServer:79 - Данные отправлены на клиент
2023-06-25 21:48:19 INFO  ReceiveServer:45 - Данные полученные с сервера:
Команда: f
Аргумент: 
Город: null
2023-06-25 21:48:19 INFO  ReceiveServer:79 - Данные отправлены на клиент
2023-06-25 21:48:19 INFO  ReceiveServer:45 - Данные полученные с сервера:
Команда: f
Аргумент: 
Город: null
2023-06-25 21:48:19 INFO  ReceiveServer:79 - Данные отправлены на клиент
2023-06-25 21:48:20 INFO  ReceiveServer:45 - Данные полученные с сервера:
Команда: f
Аргумент: f
Город: null
2023-06-25 21:48:20 INFO  ReceiveServer:79 - Данные отправлены на клиент
2023-06-25 21:48:22 INFO  ReceiveServer:45 - Данные полученные с сервера:
Команда: f
Аргумент: f
Город: null
2023-06-25 21:48:22 INFO  ReceiveServer:79 - Данные отправлены на клиент
2023-06-25 21:48:26 INFO  ReceiveServer:45 - Данные полученные с сервера:
Команда: ffff
Аргумент: fff
Город: null
2023-06-25 21:48:26 INFO  ReceiveServer:79 - Данные отправлены на клиент
2023-06-25 21:49:16 INFO  ReceiveServer:45 - Данные полученные с сервера:
Команда: Exception
Аргумент: in
Город: null
2023-06-25 21:49:16 INFO  ReceiveServer:79 - Данные отправлены на клиент
2023-06-25 21:49:16 INFO  ReceiveServer:45 - Данные полученные с сервера:
Команда: at
Аргумент: Util.ReceiveServer.execute(ReceiveServer.java:95)
Город: null
2023-06-25 21:49:16 INFO  ReceiveServer:79 - Данные отправлены на клиент
2023-06-25 21:50:06 INFO  Server:42 - Соединение открыто
2023-06-25 21:52:57 INFO  Server:42 - Соединение открыто
2023-06-25 21:53:03 INFO  ReceiveServer:45 - Данные полученные с сервера:
Команда: execute_script
Аргумент: 
Город: null
2023-06-25 21:53:03 INFO  ReceiveServer:103 - Данные отправлены на клиент
2023-06-25 21:53:08 INFO  ReceiveServer:45 - Данные полученные с сервера:
Команда: /Users/skipulia/Desktop/file_test/t4
Аргумент: 
Город: null
2023-06-25 21:53:08 INFO  ReceiveServer:79 - Данные отправлены на клиент
2023-06-25 21:53:13 INFO  ReceiveServer:45 - Данные полученные с сервера:
Команда: execute_script
Аргумент: 
Город: null
2023-06-25 21:53:13 INFO  ReceiveServer:103 - Данные отправлены на клиент
2023-06-25 21:53:16 INFO  ReceiveServer:45 - Данные полученные с сервера:
Команда: /Users/skipulia/Desktop/file_test/t4
Аргумент: 
Город: null
2023-06-25 21:53:16 INFO  ReceiveServer:79 - Данные отправлены на клиент
2023-06-25 21:53:30 INFO  ReceiveServer:45 - Данные полученные с сервера:
Команда: execute_script
Аргумент: /Users/skipulia/Desktop/file_test/t4
Город: null
2023-06-25 21:53:30 INFO  ReceiveServer:92 - Данные отправлены на клиент
2023-06-25 21:54:00 INFO  ReceiveServer:45 - Данные полученные с сервера:
Команда: filter_contains_name
Аргумент: d
Город: null
2023-06-25 21:54:00 INFO  ReceiveServer:92 - Данные отправлены на клиент
2023-06-25 21:54:05 INFO  ReceiveServer:45 - Данные полученные с сервера:
Команда: filter_contains_name
Аргумент: a
Город: null
2023-06-25 21:54:05 INFO  ReceiveServer:92 - Данные отправлены на клиент
2023-06-25 21:54:11 INFO  ReceiveServer:45 - Данные полученные с сервера:
Команда: filter_contains_name
Аргумент: a
Город: null
2023-06-25 21:54:11 INFO  ReceiveServer:92 - Данные отправлены на клиент
2023-06-25 21:54:17 INFO  ReceiveServer:45 - Данные полученные с сервера:
Команда: filter_contains_name
Аргумент: 
Город: null
2023-06-25 21:54:17 INFO  ReceiveServer:103 - Данные отправлены на клиент
2023-06-25 21:54:22 INFO  ReceiveServer:45 - Данные полученные с сервера:
Команда: info
Аргумент: d
Город: null
2023-06-25 21:54:22 INFO  ReceiveServer:92 - Данные отправлены на клиент
2023-06-25 21:54:30 INFO  ReceiveServer:45 - Данные полученные с сервера:
Команда: info
Аргумент: d
Город: null
2023-06-25 21:54:30 INFO  ReceiveServer:92 - Данные отправлены на клиент
2023-06-25 21:54:32 INFO  ReceiveServer:45 - Данные полученные с сервера:
Команда: info
Аргумент: d
Город: null
2023-06-25 21:54:32 INFO  ReceiveServer:92 - Данные отправлены на клиент
2023-06-25 21:55:12 INFO  ReceiveServer:45 - Данные полученные с сервера:
Команда: info
Аргумент: 
Город: null
2023-06-25 21:55:12 INFO  ReceiveServer:103 - Данные отправлены на клиент
2023-06-25 21:55:17 INFO  ReceiveServer:45 - Данные полученные с сервера:
Команда: clear
Аргумент: d
Город: null
2023-06-25 21:55:17 INFO  ReceiveServer:92 - Данные отправлены на клиент
2023-06-25 21:55:23 INFO  ReceiveServer:45 - Данные полученные с сервера:
Команда: clear
Аргумент: d
Город: null
2023-06-25 21:55:23 INFO  ReceiveServer:92 - Данные отправлены на клиент
2023-06-25 21:55:36 INFO  ReceiveServer:45 - Данные полученные с сервера:
Команда: remove_key
Аргумент: d
Город: null
2023-06-25 21:55:36 INFO  ReceiveServer:92 - Данные отправлены на клиент
2023-06-25 21:55:41 INFO  ReceiveServer:45 - Данные полученные с сервера:
Команда: remove_key
Аргумент: d
Город: null
2023-06-25 21:55:41 INFO  ReceiveServer:92 - Данные отправлены на клиент
2023-06-25 21:55:46 INFO  ReceiveServer:45 - Данные полученные с сервера:
Команда: remove_key
Аргумент: 
Город: null
2023-06-25 21:55:46 INFO  ReceiveServer:103 - Данные отправлены на клиент
2023-06-25 21:55:50 INFO  ReceiveServer:45 - Данные полученные с сервера:
Команда: remove_key
Аргумент: 3
Город: null
2023-06-25 21:55:50 INFO  ReceiveServer:92 - Данные отправлены на клиент
2023-06-25 21:56:01 INFO  ReceiveServer:45 - Данные полученные с сервера:
Команда: update
Аргумент: d
Город: null
2023-06-25 21:56:31 INFO  Server:42 - Соединение открыто
2023-06-25 21:56:48 INFO  ReceiveServer:45 - Данные полученные с сервера:
Команда: update
Аргумент: d
Город: null
2023-06-25 21:57:26 INFO  Server:42 - Соединение открыто
2023-06-25 21:57:26 INFO  ReceiveServer:45 - Данные полученные с сервера:
Команда: update
Аргумент: 
Город: null
2023-06-25 21:57:59 INFO  Server:42 - Соединение открыто
2023-06-25 21:58:11 INFO  ReceiveServer:45 - Данные полученные с сервера:
Команда: update
Аргумент: 1
Город: 
------------
Id: null
Name: das
Coordinates: X = 1 and Y = 1.0
Date time: Sun Jun 25 21:58:11 MSK 2023
Area: 1
Population: 1
Meters above sea level: 1
Agglomeration: 11.0
Climate: TUNDRA
Standard of living: LOW
Governor: da
2023-06-25 21:58:11 INFO  ReceiveServer:92 - Данные отправлены на клиент
2023-06-25 21:58:18 INFO  ReceiveServer:45 - Данные полученные с сервера:
Команда: insert
Аргумент: d
Город: null
2023-06-25 21:58:18 INFO  ReceiveServer:92 - Данные отправлены на клиент
2023-06-25 21:58:24 INFO  ReceiveServer:45 - Данные полученные с сервера:
Команда: insert
Аргумент: d
Город: null
2023-06-25 21:58:36 INFO  Server:42 - Соединение открыто
2023-06-25 21:58:45 INFO  ReceiveServer:45 - Данные полученные с сервера:
Команда: insert
Аргумент: d
Город: null
2023-06-25 21:59:01 INFO  Server:42 - Соединение открыто
2023-06-25 21:59:07 INFO  ReceiveServer:45 - Данные полученные с сервера:
Команда: insert
Аргумент: 1
Город: null
2023-06-25 21:59:07 INFO  ReceiveServer:92 - Данные отправлены на клиент
2023-06-25 21:59:20 INFO  ReceiveServer:45 - Данные полученные с сервера:
Команда: insert
Аргумент: 1
Город: 
------------
Id: null
Name: dsa
Coordinates: X = 1 and Y = 1.0
Date time: Sun Jun 25 21:59:20 MSK 2023
Area: 1
Population: 1
Meters above sea level: 1
Agglomeration: 11.0
Climate: TUNDRA
Standard of living: LOW
Governor: das
2023-06-25 21:59:20 INFO  ReceiveServer:92 - Данные отправлены на клиент
2023-06-25 21:59:25 INFO  ReceiveServer:45 - Данные полученные с сервера:
Команда: show
Аргумент: d
Город: null
2023-06-25 21:59:25 INFO  ReceiveServer:92 - Данные отправлены на клиент
2023-06-25 21:59:31 INFO  ReceiveServer:45 - Данные полученные с сервера:
Команда: show
Аргумент: d
Город: null
2023-06-25 21:59:31 INFO  ReceiveServer:92 - Данные отправлены на клиент
2023-06-25 22:02:15 INFO  Server:42 - Соединение открыто
2023-06-25 22:02:23 INFO  ReceiveServer:45 - Данные полученные с сервера:
Команда: uopdate
Аргумент: d
Город: null
2023-06-25 22:02:23 INFO  ReceiveServer:79 - Данные отправлены на клиент
2023-06-25 22:02:28 INFO  ReceiveServer:45 - Данные полученные с сервера:
Команда: update
Аргумент: d
Город: null
2023-06-25 22:02:28 INFO  ReceiveServer:92 - Данные отправлены на клиент
2023-06-25 22:02:34 INFO  ReceiveServer:45 - Данные полученные с сервера:
Команда: update
Аргумент: 1
Город: null
2023-06-25 22:02:34 INFO  ReceiveServer:92 - Данные отправлены на клиент
2023-06-25 22:02:39 INFO  ReceiveServer:45 - Данные полученные с сервера:
Команда: update
Аргумент: d
Город: null
2023-06-25 22:04:27 INFO  Server:42 - Соединение открыто
2023-06-25 22:04:29 INFO  ReceiveServer:45 - Данные полученные с сервера:
Команда: update
Аргумент: d
Город: null
2023-06-25 22:04:29 INFO  ReceiveServer:92 - Данные отправлены на клиент
2023-06-25 22:05:41 INFO  Server:42 - Соединение открыто
2023-06-25 22:06:08 INFO  ReceiveServer:45 - Данные полученные с сервера:
Команда: update
Аргумент: 1
Город: null
2023-06-25 22:06:08 INFO  ReceiveServer:92 - Данные отправлены на клиент
2023-06-25 22:06:15 INFO  ReceiveServer:45 - Данные полученные с сервера:
Команда: update
Аргумент: d
Город: null
2023-06-25 22:06:15 INFO  ReceiveServer:92 - Данные отправлены на клиент
2023-06-25 22:06:21 INFO  ReceiveServer:45 - Данные полученные с сервера:
Команда: update
Аргумент: f
Город: null
2023-06-25 22:06:21 INFO  ReceiveServer:92 - Данные отправлены на клиент
2023-06-25 22:06:27 INFO  ReceiveServer:45 - Данные полученные с сервера:
Команда: update
Аргумент: 1
Город: null
2023-06-25 22:06:27 INFO  ReceiveServer:92 - Данные отправлены на клиент
2023-06-25 22:06:47 INFO  Server:42 - Соединение открыто
2023-06-25 22:06:57 INFO  ReceiveServer:45 - Данные полученные с сервера:
Команда: insert
Аргумент: d
Город: null
2023-06-25 22:06:57 INFO  ReceiveServer:92 - Данные отправлены на клиент
2023-06-25 22:07:01 INFO  ReceiveServer:45 - Данные полученные с сервера:
Команда: insert
Аргумент: d
Город: null
2023-06-25 22:07:01 INFO  ReceiveServer:92 - Данные отправлены на клиент
2023-06-25 22:07:06 INFO  ReceiveServer:45 - Данные полученные с сервера:
Команда: insert
Аргумент: 1
Город: null
2023-06-25 22:07:06 INFO  ReceiveServer:92 - Данные отправлены на клиент
2023-06-25 22:07:08 INFO  ReceiveServer:45 - Данные полученные с сервера:
Команда: insert
Аргумент: 
Город: null
2023-06-25 22:07:08 INFO  ReceiveServer:103 - Данные отправлены на клиент
2023-06-25 22:07:11 INFO  ReceiveServer:45 - Данные полученные с сервера:
Команда: insert
Аргумент: 
Город: null
2023-06-25 22:07:11 INFO  ReceiveServer:103 - Данные отправлены на клиент
2023-06-26 00:12:48 INFO  Server:42 - Соединение открыто
2023-06-26 00:12:53 INFO  ReceiveServer:45 - Данные полученные с сервера:
Команда: update
Аргумент: b
Город: null
2023-06-26 00:12:53 INFO  ReceiveServer:92 - Данные отправлены на клиент
2023-06-26 00:13:01 INFO  ReceiveServer:45 - Данные полученные с сервера:
Команда: update
Аргумент: b
Город: null
2023-06-26 00:13:01 INFO  ReceiveServer:92 - Данные отправлены на клиент
2023-06-26 00:13:24 INFO  Server:42 - Соединение открыто
2023-06-26 00:13:27 INFO  ReceiveServer:45 - Данные полученные с сервера:
Команда: update
Аргумент: 
Город: null
2023-06-26 00:13:27 INFO  ReceiveServer:103 - Данные отправлены на клиент
2023-06-26 00:13:35 INFO  ReceiveServer:45 - Данные полученные с сервера:
Команда: update
Аргумент: 
Город: null
2023-06-26 00:13:35 INFO  ReceiveServer:103 - Данные отправлены на клиент
2023-06-26 00:43:44 INFO  Server:42 - Соединение открыто
2023-06-26 00:51:19 INFO  Server:42 - Соединение открыто
2023-06-26 00:51:29 INFO  ReceiveServer:45 - Данные полученные с сервера:
Команда: show
Аргумент: 
Город: null
2023-06-26 00:51:29 INFO  ReceiveServer:103 - Данные отправлены на клиент
2023-06-26 00:52:05 INFO  ReceiveServer:45 - Данные полученные с сервера:
Команда: show
Аргумент: 
Город: null
2023-06-26 00:52:05 INFO  ReceiveServer:103 - Данные отправлены на клиент
2023-06-26 00:52:21 INFO  ReceiveServer:45 - Данные полученные с сервера:
Команда: show
Аргумент: 
Город: null
2023-06-26 00:52:21 INFO  ReceiveServer:103 - Данные отправлены на клиент
2023-06-26 00:52:24 INFO  ReceiveServer:45 - Данные полученные с сервера:
Команда: show
Аргумент: 
Город: null
2023-06-26 00:52:24 INFO  ReceiveServer:103 - Данные отправлены на клиент
2023-06-26 00:52:51 INFO  ReceiveServer:45 - Данные полученные с сервера:
Команда: execute_script
Аргумент: 
Город: null
2023-06-26 00:52:51 INFO  ReceiveServer:103 - Данные отправлены на клиент
2023-06-26 00:53:32 INFO  ReceiveServer:45 - Данные полученные с сервера:
Команда: execute_script
Аргумент: /Users/skipulia/Desktop/file_test/t3
Город: null
2023-06-26 00:53:32 INFO  ReceiveServer:92 - Данные отправлены на клиент
2023-06-26 00:53:35 INFO  ReceiveServer:45 - Данные полученные с сервера:
Команда: show
Аргумент: 
Город: null
2023-06-26 00:53:35 INFO  ReceiveServer:103 - Данные отправлены на клиент
2023-06-26 00:53:40 INFO  ReceiveServer:45 - Данные полученные с сервера:
Команда: clear
Аргумент: 
Город: null
2023-06-26 00:53:40 INFO  ReceiveServer:103 - Данные отправлены на клиент
2023-06-26 00:53:44 INFO  ReceiveServer:45 - Данные полученные с сервера:
Команда: show
Аргумент: 
Город: null
2023-06-26 00:53:44 INFO  ReceiveServer:103 - Данные отправлены на клиент
2023-06-26 00:54:15 INFO  ReceiveServer:45 - Данные полученные с сервера:
Команда: w
Аргумент: 
Город: null
2023-06-26 00:55:06 INFO  Server:42 - Соединение открыто
2023-06-26 00:55:26 INFO  ReceiveServer:45 - Данные полученные с сервера:
Команда: show
Аргумент: 
Город: null
2023-06-26 00:55:26 INFO  ReceiveServer:103 - Данные отправлены на клиент
2023-06-26 00:55:30 INFO  ReceiveServer:45 - Данные полученные с сервера:
Команда: show
Аргумент: 
Город: null
2023-06-26 00:55:30 INFO  ReceiveServer:103 - Данные отправлены на клиент
2023-06-26 00:56:12 INFO  ReceiveServer:45 - Данные полученные с сервера:
Команда: execute_script
Аргумент: /Users/skipulia/Desktop/file_test/t3
Город: null
2023-06-26 00:56:12 INFO  ReceiveServer:92 - Данные отправлены на клиент
2023-06-26 00:56:18 INFO  ReceiveServer:45 - Данные полученные с сервера:
Команда: show
Аргумент: 
Город: null
2023-06-26 00:56:18 INFO  ReceiveServer:103 - Данные отправлены на клиент
2023-06-26 00:58:21 INFO  ReceiveServer:45 - Данные полученные с сервера:
Команда: execute_script
Аргумент: /Users/skipulia/Desktop/file_test/t3
Город: null
2023-06-26 00:58:21 INFO  ReceiveServer:92 - Данные отправлены на клиент
2023-06-26 00:58:22 INFO  ReceiveServer:45 - Данные полученные с сервера:
Команда: info
Аргумент: 
Город: null
2023-06-26 00:58:22 INFO  ReceiveServer:103 - Данные отправлены на клиент
2023-06-26 00:58:26 INFO  ReceiveServer:45 - Данные полученные с сервера:
Команда: info
Аргумент: 
Город: null
2023-06-26 00:58:26 INFO  ReceiveServer:103 - Данные отправлены на клиент
2023-06-26 00:58:32 INFO  ReceiveServer:45 - Данные полученные с сервера:
Команда: show
Аргумент: 
Город: null
2023-06-26 00:58:32 INFO  ReceiveServer:103 - Данные отправлены на клиент
2023-06-26 02:24:31 INFO  Server:42 - Соединение открыто
2023-06-26 02:26:18 INFO  Server:42 - Соединение открыто
2023-06-26 02:43:36 INFO  Server:42 - Соединение открыто
2023-06-26 02:55:23 INFO  Server:42 - Соединение открыто
2023-06-26 03:02:34 INFO  Server:42 - Соединение открыто
2023-06-26 03:05:50 INFO  Server:42 - Соединение открыто
2023-06-26 03:05:54 INFO  ReceiveServer:51 - Данные полученные с сервера:
Команда: info
Аргумент: 
Город: null
2023-06-26 03:05:54 INFO  ReceiveServer:109 - Данные отправлены на клиент
2023-06-26 03:05:56 INFO  ReceiveServer:51 - Данные полученные с сервера:
Команда: show
Аргумент: 
Город: null
2023-06-26 03:05:56 INFO  ReceiveServer:109 - Данные отправлены на клиент
2023-06-26 03:06:01 INFO  ReceiveServer:51 - Данные полученные с сервера:
Команда: ce
Аргумент: 
Город: null
2023-06-26 03:06:01 INFO  ReceiveServer:85 - Данные отправлены на клиент
2023-06-26 03:06:03 INFO  ReceiveServer:51 - Данные полученные с сервера:
Команда: clear
Аргумент: 
Город: null
2023-06-26 03:06:03 INFO  ReceiveServer:109 - Данные отправлены на клиент
2023-06-26 03:22:56 INFO  Server:42 - Соединение открыто
2023-06-26 03:25:50 INFO  Server:42 - Соединение открыто
2023-06-26 03:26:02 INFO  Server:42 - Соединение открыто
2023-06-26 03:27:09 INFO  Server:42 - Соединение открыто
2023-06-26 03:27:15 INFO  Server:42 - Соединение открыто
2023-06-26 03:30:54 INFO  Server:42 - Соединение открыто
2023-06-26 03:31:27 INFO  Server:42 - Соединение открыто
2023-06-26 03:33:36 INFO  Server:42 - Соединение открыто
2023-06-26 03:35:41 INFO  Server:42 - Соединение открыто
2023-06-26 03:35:45 INFO  ReceiveServer:51 - Данные полученные с сервера:
Команда: insert
Аргумент: 
Город: null
2023-06-26 03:35:45 INFO  ReceiveServer:109 - Данные отправлены на клиент
2023-06-26 03:35:48 INFO  ReceiveServer:51 - Данные полученные с сервера:
Команда: insert
Аргумент: d
Город: null
2023-06-26 03:35:48 INFO  ReceiveServer:98 - Данные отправлены на клиент
2023-06-26 03:35:50 INFO  ReceiveServer:51 - Данные полученные с сервера:
Команда: insert
Аргумент: d
Город: null
2023-06-26 03:35:50 INFO  ReceiveServer:98 - Данные отправлены на клиент
2023-06-26 03:35:53 INFO  ReceiveServer:51 - Данные полученные с сервера:
Команда: insde
Аргумент: 
Город: null
2023-06-26 03:35:53 INFO  ReceiveServer:85 - Данные отправлены на клиент
2023-06-26 03:35:55 INFO  ReceiveServer:51 - Данные полученные с сервера:
Команда: insert
Аргумент: d
Город: null
2023-06-26 03:35:55 INFO  ReceiveServer:98 - Данные отправлены на клиент
2023-06-26 03:35:58 INFO  ReceiveServer:51 - Данные полученные с сервера:
Команда: insert
Аргумент: 1
Город: null
2023-06-26 03:35:58 INFO  ReceiveServer:98 - Данные отправлены на клиент
2023-06-26 03:36:01 INFO  ReceiveServer:51 - Данные полученные с сервера:
Команда: insert1
Аргумент: 
Город: null
2023-06-26 03:36:01 INFO  ReceiveServer:85 - Данные отправлены на клиент
2023-06-26 03:36:11 INFO  ReceiveServer:51 - Данные полученные с сервера:
Команда: show
Аргумент: 
Город: null
2023-06-26 03:36:11 INFO  ReceiveServer:109 - Данные отправлены на клиент
2023-06-26 03:36:15 INFO  ReceiveServer:51 - Данные полученные с сервера:
Команда: show
Аргумент: d
Город: null
2023-06-26 03:36:15 INFO  ReceiveServer:98 - Данные отправлены на клиент
2023-06-26 03:36:18 INFO  ReceiveServer:51 - Данные полученные с сервера:
Команда: show
Аргумент: d
Город: null
2023-06-26 03:36:18 INFO  ReceiveServer:98 - Данные отправлены на клиент
2023-06-26 03:36:33 INFO  ReceiveServer:51 - Данные полученные с сервера:
Команда: filter_contains_name
Аргумент: f
Город: null
2023-06-26 03:36:33 INFO  ReceiveServer:98 - Данные отправлены на клиент
2023-06-26 03:36:36 INFO  ReceiveServer:51 - Данные полученные с сервера:
Команда: filter_contains_name
Аргумент: f
Город: null
2023-06-26 03:36:36 INFO  ReceiveServer:98 - Данные отправлены на клиент
2023-06-26 03:36:48 INFO  ReceiveServer:51 - Данные полученные с сервера:
Команда: info
Аргумент: f
Город: null
2023-06-26 03:36:48 INFO  ReceiveServer:98 - Данные отправлены на клиент
2023-06-26 03:36:50 INFO  ReceiveServer:51 - Данные полученные с сервера:
Команда: info
Аргумент: f
Город: null
2023-06-26 03:36:50 INFO  ReceiveServer:98 - Данные отправлены на клиент
2023-06-26 03:36:59 INFO  ReceiveServer:51 - Данные полученные с сервера:
Команда: remove_key
Аргумент: f
Город: null
2023-06-26 03:36:59 INFO  ReceiveServer:98 - Данные отправлены на клиент
2023-06-26 03:37:02 INFO  ReceiveServer:51 - Данные полученные с сервера:
Команда: remove_key
Аргумент: f
Город: null
2023-06-26 03:37:02 INFO  ReceiveServer:98 - Данные отправлены на клиент
2023-06-26 03:37:08 INFO  ReceiveServer:51 - Данные полученные с сервера:
Команда: remove_key
Аргумент: 1
Город: null
2023-06-26 03:37:08 INFO  ReceiveServer:98 - Данные отправлены на клиент
2023-06-26 03:37:20 INFO  ReceiveServer:51 - Данные полученные с сервера:
Команда: update
Аргумент: 4
Город: null
2023-06-26 03:37:20 INFO  ReceiveServer:98 - Данные отправлены на клиент
2023-06-26 03:37:28 INFO  ReceiveServer:51 - Данные полученные с сервера:
Команда: show
Аргумент: r
Город: null
2023-06-26 03:37:28 INFO  ReceiveServer:98 - Данные отправлены на клиент
2023-06-26 03:37:30 INFO  ReceiveServer:51 - Данные полученные с сервера:
Команда: show
Аргумент: r
Город: null
2023-06-26 03:37:30 INFO  ReceiveServer:98 - Данные отправлены на клиент
2023-06-26 03:37:37 INFO  ReceiveServer:51 - Данные полученные с сервера:
Команда: remove_greater
Аргумент: f
Город: null
2023-06-26 03:37:37 INFO  ReceiveServer:98 - Данные отправлены на клиент
2023-06-26 03:37:39 INFO  ReceiveServer:51 - Данные полученные с сервера:
Команда: remove_greater
Аргумент: f
Город: null
2023-06-26 03:37:39 INFO  ReceiveServer:98 - Данные отправлены на клиент
2023-06-26 03:37:43 INFO  ReceiveServer:51 - Данные полученные с сервера:
Команда: remove_greater
Аргумент: 1
Город: null
2023-06-26 03:37:43 INFO  ReceiveServer:98 - Данные отправлены на клиент
2023-06-26 03:37:45 INFO  ReceiveServer:51 - Данные полученные с сервера:
Команда: remove_greater
Аргумент: 1
Город: null
2023-06-26 03:37:45 INFO  ReceiveServer:98 - Данные отправлены на клиент
2023-06-26 03:37:58 INFO  ReceiveServer:51 - Данные полученные с сервера:
Команда: remove_lower
Аргумент: f
Город: null
2023-06-26 03:37:58 INFO  ReceiveServer:98 - Данные отправлены на клиент
2023-06-26 03:38:01 INFO  ReceiveServer:51 - Данные полученные с сервера:
Команда: remove_lower
Аргумент: f
Город: null
2023-06-26 03:38:01 INFO  ReceiveServer:98 - Данные отправлены на клиент
2023-06-26 03:38:03 INFO  ReceiveServer:51 - Данные полученные с сервера:
Команда: remove_lower
Аргумент: 1
Город: null
2023-06-26 03:38:03 INFO  ReceiveServer:98 - Данные отправлены на клиент
2023-06-26 03:38:08 INFO  ReceiveServer:51 - Данные полученные с сервера:
Команда: remove_lower
Аргумент: 1
Город: null
2023-06-26 03:38:08 INFO  ReceiveServer:98 - Данные отправлены на клиент
2023-06-26 03:38:13 INFO  ReceiveServer:51 - Данные полученные с сервера:
Команда: remove_lower
Аргумент: d
Город: null
2023-06-26 03:38:13 INFO  ReceiveServer:98 - Данные отправлены на клиент
2023-06-26 03:38:17 INFO  ReceiveServer:51 - Данные полученные с сервера:
Команда: remove_lower
Аргумент: d
Город: null
2023-06-26 03:38:17 INFO  ReceiveServer:98 - Данные отправлены на клиент
2023-06-26 03:38:21 INFO  ReceiveServer:51 - Данные полученные с сервера:
Команда: remove_lower
Аргумент: 1
Город: null
2023-06-26 03:38:21 INFO  ReceiveServer:98 - Данные отправлены на клиент
2023-06-26 03:38:30 INFO  ReceiveServer:51 - Данные полученные с сервера:
Команда: remove_lower
Аргумент: 1
Город: null
2023-06-26 03:38:30 INFO  ReceiveServer:98 - Данные отправлены на клиент
2023-06-26 03:38:46 INFO  ReceiveServer:51 - Данные полученные с сервера:
Команда: remove_lower_key
Аргумент: f
Город: null
2023-06-26 03:38:46 INFO  ReceiveServer:98 - Данные отправлены на клиент
2023-06-26 03:38:49 INFO  ReceiveServer:51 - Данные полученные с сервера:
Команда: remove_lower_key
Аргумент: f
Город: null
2023-06-26 03:38:49 INFO  ReceiveServer:98 - Данные отправлены на клиент
2023-06-26 03:38:54 INFO  ReceiveServer:51 - Данные полученные с сервера:
Команда: remove_lower_key
Аргумент: 1
Город: null
2023-06-26 03:38:54 INFO  ReceiveServer:98 - Данные отправлены на клиент
2023-06-26 03:39:02 INFO  ReceiveServer:51 - Данные полученные с сервера:
Команда: filter_by_meters_above_sea_level
Аргумент: f
Город: null
2023-06-26 03:39:02 INFO  ReceiveServer:98 - Данные отправлены на клиент
2023-06-26 03:39:07 INFO  ReceiveServer:51 - Данные полученные с сервера:
Команда: filter_by_meters_above_sea_level
Аргумент: f
Город: null
2023-06-26 03:39:07 INFO  ReceiveServer:98 - Данные отправлены на клиент
2023-06-26 03:39:13 INFO  ReceiveServer:51 - Данные полученные с сервера:
Команда: filter_by_meters_above_sea_level
Аргумент: 1
Город: null
2023-06-26 03:39:13 INFO  ReceiveServer:98 - Данные отправлены на клиент
2023-06-26 03:39:22 INFO  ReceiveServer:51 - Данные полученные с сервера:
Команда: print_field_descending_standard_of_living
Аргумент: f
Город: null
2023-06-26 03:39:22 INFO  ReceiveServer:98 - Данные отправлены на клиент
2023-06-26 03:39:24 INFO  ReceiveServer:51 - Данные полученные с сервера:
Команда: print_field_descending_standard_of_living
Аргумент: f
Город: null
2023-06-26 03:39:24 INFO  ReceiveServer:98 - Данные отправлены на клиент
2023-06-26 03:39:38 INFO  ReceiveServer:51 - Данные полученные с сервера:
Команда: exit
Аргумент: f
Город: null
2023-06-26 03:39:38 INFO  ReceiveServer:98 - Данные отправлены на клиент
2023-06-26 03:39:41 INFO  ReceiveServer:51 - Данные полученные с сервера:
Команда: exit
Аргумент: f
Город: null
2023-06-26 03:39:41 INFO  ReceiveServer:98 - Данные отправлены на клиент
2023-06-26 03:39:51 INFO  ReceiveServer:51 - Данные полученные с сервера:
Команда: execute_script
Аргумент: f
Город: null
2023-06-26 03:39:51 INFO  ReceiveServer:98 - Данные отправлены на клиент
2023-06-26 03:39:56 INFO  ReceiveServer:51 - Данные полученные с сервера:
Команда: execute_script
Аргумент: f
Город: null
2023-06-26 03:39:56 INFO  ReceiveServer:98 - Данные отправлены на клиент
2023-06-26 03:40:04 INFO  ReceiveServer:51 - Данные полученные с сервера:
Команда: help
Аргумент: f
Город: null
2023-06-26 03:40:04 INFO  ReceiveServer:98 - Данные отправлены на клиент
2023-06-26 03:40:05 INFO  ReceiveServer:51 - Данные полученные с сервера:
Команда: help
Аргумент: f
Город: null
2023-06-26 03:40:05 INFO  ReceiveServer:98 - Данные отправлены на клиент
2023-06-26 03:42:48 INFO  Server:42 - Соединение открыто
2023-06-26 03:42:57 INFO  ReceiveServer:51 - Данные полученные с сервера:
Команда: execute_script
Аргумент: /Users/skipulia/Desktop/file_test/t4
Город: null
2023-06-26 03:42:57 INFO  ReceiveServer:98 - Данные отправлены на клиент
2023-06-26 03:44:07 INFO  Server:42 - Соединение открыто
2023-06-26 03:44:24 INFO  ReceiveServer:51 - Данные полученные с сервера:
Команда: execute_script
Аргумент: /Users/skipulia/Desktop/file_test/t4
Город: null
2023-06-26 03:44:24 INFO  ReceiveServer:98 - Данные отправлены на клиент
2023-06-26 03:45:13 INFO  ReceiveServer:51 - Данные полученные с сервера:
Команда: execute_script
Аргумент: /Users/skipulia/Desktop/file_test/t4
Город: null
2023-06-26 03:45:13 INFO  ReceiveServer:98 - Данные отправлены на клиент
2023-06-26 03:46:30 INFO  Server:42 - Соединение открыто
2023-06-26 03:46:38 INFO  ReceiveServer:51 - Данные полученные с сервера:
Команда: execute_script
Аргумент: /Users/skipulia/Desktop/file_test/t4
Город: null
2023-06-26 03:46:38 INFO  ReceiveServer:98 - Данные отправлены на клиент
2023-06-26 03:47:15 INFO  Server:42 - Соединение открыто
2023-06-26 03:47:17 INFO  ReceiveServer:51 - Данные полученные с сервера:
Команда: execute_script
Аргумент: /Users/skipulia/Desktop/file_test/t4
Город: null
2023-06-26 03:47:17 INFO  ReceiveServer:98 - Данные отправлены на клиент
2023-06-26 03:48:09 INFO  Server:42 - Соединение открыто
2023-06-26 03:48:12 INFO  ReceiveServer:51 - Данные полученные с сервера:
Команда: execute_script
Аргумент: /Users/skipulia/Desktop/file_test/t4
Город: null
2023-06-26 03:48:12 INFO  ReceiveServer:98 - Данные отправлены на клиент
2023-06-26 03:49:08 INFO  Server:42 - Соединение открыто
2023-06-26 03:49:09 INFO  ReceiveServer:51 - Данные полученные с сервера:
Команда: execute_script
Аргумент: /Users/skipulia/Desktop/file_test/t4
Город: null
2023-06-26 03:49:09 INFO  ReceiveServer:98 - Данные отправлены на клиент
2023-06-26 03:49:25 INFO  Server:42 - Соединение открыто
2023-06-26 03:49:27 INFO  ReceiveServer:51 - Данные полученные с сервера:
Команда: execute_script
Аргумент: /Users/skipulia/Desktop/file_test/t3
Город: null
2023-06-26 03:49:27 INFO  ReceiveServer:98 - Данные отправлены на клиент
2023-06-26 03:50:15 INFO  Server:42 - Соединение открыто
2023-06-26 03:50:17 INFO  ReceiveServer:51 - Данные полученные с сервера:
Команда: execute_script
Аргумент: /Users/skipulia/Desktop/file_test/t4
Город: null
2023-06-26 03:50:17 INFO  ReceiveServer:98 - Данные отправлены на клиент
2023-06-26 03:50:36 INFO  Server:42 - Соединение открыто
2023-06-26 03:50:38 INFO  ReceiveServer:51 - Данные полученные с сервера:
Команда: execute_script
Аргумент: /Users/skipulia/Desktop/file_test/t4
Город: null
2023-06-26 03:50:38 INFO  ReceiveServer:98 - Данные отправлены на клиент
2023-06-26 03:50:53 INFO  Server:42 - Соединение открыто
2023-06-26 03:50:57 INFO  ReceiveServer:51 - Данные полученные с сервера:
Команда: execute_script
Аргумент: /Users/skipulia/Desktop/file_test/t4
Город: null
2023-06-26 03:50:57 INFO  ReceiveServer:98 - Данные отправлены на клиент
2023-06-26 03:51:41 INFO  Server:42 - Соединение открыто
2023-06-26 03:51:42 INFO  ReceiveServer:51 - Данные полученные с сервера:
Команда: execute_script
Аргумент: /Users/skipulia/Desktop/file_test/t4
Город: null
2023-06-26 03:51:42 INFO  ReceiveServer:98 - Данные отправлены на клиент
2023-06-26 03:54:20 INFO  Server:42 - Соединение открыто
2023-06-26 03:54:23 INFO  ReceiveServer:51 - Данные полученные с сервера:
Команда: execute_script
Аргумент: /Users/skipulia/Desktop/file_test/t4
Город: null
2023-06-26 03:54:23 INFO  ReceiveServer:98 - Данные отправлены на клиент
2023-06-26 03:55:44 INFO  Server:42 - Соединение открыто
2023-06-26 03:55:45 INFO  ReceiveServer:51 - Данные полученные с сервера:
Команда: execute_script
Аргумент: /Users/skipulia/Desktop/file_test/t4
Город: null
2023-06-26 03:55:45 INFO  ReceiveServer:98 - Данные отправлены на клиент
2023-06-26 03:56:17 INFO  Server:42 - Соединение открыто
2023-06-26 03:56:20 INFO  ReceiveServer:51 - Данные полученные с сервера:
Команда: execute_script
Аргумент: /Users/skipulia/Desktop/file_test/t4
Город: null
2023-06-26 03:57:43 INFO  Server:42 - Соединение открыто
2023-06-26 03:57:45 INFO  ReceiveServer:51 - Данные полученные с сервера:
Команда: execute_script
Аргумент: /Users/skipulia/Desktop/file_test/t4
Город: null
2023-06-26 03:57:45 INFO  ReceiveServer:98 - Данные отправлены на клиент
2023-06-26 03:59:09 INFO  Server:42 - Соединение открыто
2023-06-26 03:59:11 INFO  ReceiveServer:51 - Данные полученные с сервера:
Команда: execute_script
Аргумент: /Users/skipulia/Desktop/file_test/t4
Город: null
2023-06-26 03:59:11 INFO  ReceiveServer:98 - Данные отправлены на клиент
2023-06-26 04:00:39 INFO  Server:42 - Соединение открыто
2023-06-26 04:00:41 INFO  ReceiveServer:51 - Данные полученные с сервера:
Команда: execute_script
Аргумент: /Users/skipulia/Desktop/file_test/t4
Город: null
2023-06-26 04:00:41 INFO  ReceiveServer:98 - Данные отправлены на клиент
2023-06-26 04:04:26 INFO  Server:42 - Соединение открыто
2023-06-26 04:04:27 INFO  ReceiveServer:51 - Данные полученные с сервера:
Команда: execute_script
Аргумент: /Users/skipulia/Desktop/file_test/t4
Город: null
2023-06-26 04:04:27 INFO  ReceiveServer:98 - Данные отправлены на клиент
2023-06-26 04:10:06 INFO  Server:42 - Соединение открыто
2023-06-26 04:12:10 INFO  Server:42 - Соединение открыто
2023-06-26 04:13:13 INFO  Server:42 - Соединение открыто
2023-06-26 04:14:30 INFO  Server:42 - Соединение открыто
2023-06-26 04:15:09 INFO  Server:42 - Соединение открыто
2023-06-26 04:22:51 INFO  Server:42 - Соединение открыто
2023-06-26 04:22:57 INFO  ReceiveServer:64 - Данные полученные с сервера:
Команда: show
Аргумент: 
Город: null
2023-06-26 04:22:57 INFO  ReceiveServer:92 - Данные отправлены на клиент
2023-06-26 04:23:05 INFO  ReceiveServer:64 - Данные полученные с сервера:
Команда: g
Аргумент: 
Город: null
2023-06-26 04:23:05 INFO  ReceiveServer:80 - Данные отправлены на клиент
2023-06-26 04:26:59 INFO  Server:42 - Соединение открыто
2023-06-26 04:27:10 INFO  Server:42 - Соединение открыто
2023-06-26 04:27:14 INFO  ReceiveServer:64 - Данные полученные с сервера:
Команда: п
Аргумент: 
Город: null
2023-06-26 04:27:14 INFO  ReceiveServer:80 - Данные отправлены на клиент
2023-06-26 04:28:30 INFO  Server:42 - Соединение открыто
2023-06-26 04:28:45 INFO  Server:42 - Соединение открыто
2023-06-26 04:28:54 INFO  ReceiveServer:65 - Данные полученные с сервера:
Команда: nk
Аргумент: 
Город: null
2023-06-26 04:28:54 INFO  ReceiveServer:81 - Данные отправлены на клиент
2023-06-26 04:30:26 INFO  Server:42 - Соединение открыто
2023-06-26 04:30:35 INFO  ReceiveServer:67 - Данные полученные с сервера:
Команда: d
Аргумент: 
Город: null
2023-06-26 04:30:35 INFO  ReceiveServer:83 - Данные отправлены на клиент
2023-06-26 04:38:33 INFO  Server:42 - Соединение открыто
2023-06-26 04:38:36 INFO  ReceiveServer:67 - Данные полученные с сервера:
Команда: df
Аргумент: 
Город: null
2023-06-26 04:38:36 INFO  ReceiveServer:83 - Данные отправлены на клиент
2023-06-26 04:38:42 INFO  ReceiveServer:67 - Данные полученные с сервера:
Команда: f
Аргумент: 
Город: null
2023-06-26 04:38:42 INFO  ReceiveServer:83 - Данные отправлены на клиент
2023-06-26 04:38:45 INFO  ReceiveServer:67 - Данные полученные с сервера:
Команда: dfd
Аргумент: 
Город: null
2023-06-26 04:38:45 INFO  ReceiveServer:83 - Данные отправлены на клиент
2023-06-26 04:39:55 INFO  Server:42 - Соединение открыто
2023-06-26 04:41:41 INFO  Server:42 - Соединение открыто
2023-06-26 04:41:51 INFO  ReceiveServer:67 - Данные полученные с сервера:
Команда: sd
Аргумент: 
Город: null
2023-06-26 04:41:51 INFO  ReceiveServer:83 - Данные отправлены на клиент
2023-06-26 04:41:53 INFO  ReceiveServer:67 - Данные полученные с сервера:
Команда: show
Аргумент: 
Город: null
2023-06-26 04:41:53 INFO  ReceiveServer:95 - Данные отправлены на клиент
2023-06-26 04:42:43 INFO  Server:42 - Соединение открыто
2023-06-26 04:47:19 INFO  Server:42 - Соединение открыто
2023-06-26 04:47:24 INFO  ReceiveServer:67 - Данные полученные с сервера:
Команда: show
Аргумент: 
Город: null
2023-06-26 04:47:24 INFO  ReceiveServer:95 - Данные отправлены на клиент
2023-06-26 04:47:34 INFO  ReceiveServer:67 - Данные полученные с сервера:
Команда: insert
Аргумент: 3
Город: 
------------
Id: null
Name: ds
Coordinates: X = 1 and Y = 1.0
Date time: Mon Jun 26 04:47:34 MSK 2023
Area: 1
Population: 1
Meters above sea level: 1
Agglomeration: 1.0
Climate: TUNDRA
Standard of living: LOW
Governor: ds
2023-06-26 04:47:34 INFO  ReceiveServer:95 - Данные отправлены на клиент
2023-06-26 04:47:38 INFO  ReceiveServer:67 - Данные полученные с сервера:
Команда: info
Аргумент: 
Город: null
2023-06-26 04:47:38 INFO  ReceiveServer:95 - Данные отправлены на клиент
2023-06-26 04:47:46 INFO  ReceiveServer:67 - Данные полученные с сервера:
Команда: exit
Аргумент: 
Город: null
2023-06-26 04:47:46 INFO  ReceiveServer:95 - Данные отправлены на клиент
2023-06-26 04:49:01 INFO  ReceiveServer:67 - Данные полученные с сервера:
Команда: info
Аргумент: 
Город: null
2023-06-26 04:49:01 INFO  ReceiveServer:95 - Данные отправлены на клиент
2023-06-26 04:49:02 INFO  ReceiveServer:67 - Данные полученные с сервера:
Команда: ds
Аргумент: 
Город: null
2023-06-26 04:49:02 INFO  ReceiveServer:83 - Данные отправлены на клиент
2023-06-26 04:49:02 INFO  ReceiveServer:67 - Данные полученные с сервера:
Команда: sd
Аргумент: 
Город: null
2023-06-26 04:49:02 INFO  ReceiveServer:83 - Данные отправлены на клиент
2023-06-26 04:49:31 INFO  ReceiveServer:67 - Данные полученные с сервера:
Команда: remove_lower
Аргумент: 
Город: 
------------
Id: null
Name: fsd
Coordinates: X = 1 and Y = 1.0
Date time: Mon Jun 26 04:49:31 MSK 2023
Area: 1
Population: 11
Meters above sea level: 1
Agglomeration: 1.0
Climate: TUNDRA
Standard of living: LOW
Governor: ds
2023-06-26 04:49:31 INFO  ReceiveServer:95 - Данные отправлены на клиент
2023-06-26 04:49:45 INFO  ReceiveServer:67 - Данные полученные с сервера:
Команда: update
Аргумент: 3
Город: 
------------
Id: null
Name: das
Coordinates: X = 1 and Y = 1.0
Date time: Mon Jun 26 04:49:45 MSK 2023
Area: 1
Population: 1
Meters above sea level: 11
Agglomeration: 1.0
Climate: TUNDRA
Standard of living: LOW
Governor: ds
2023-06-26 04:49:45 INFO  ReceiveServer:95 - Данные отправлены на клиент
2023-06-26 04:50:27 INFO  ReceiveServer:67 - Данные полученные с сервера:
Команда: update
Аргумент: 3
Город: 
------------
Id: null
Name: ds
Coordinates: X = 1 and Y = 1.0
Date time: Mon Jun 26 04:50:27 MSK 2023
Area: 1
Population: 1
Meters above sea level: 1
Agglomeration: 1.0
Climate: TUNDRA
Standard of living: LOW
Governor: d
2023-06-26 04:50:27 INFO  ReceiveServer:95 - Данные отправлены на клиент
2023-06-26 04:50:39 INFO  ReceiveServer:67 - Данные полученные с сервера:
Команда: update
Аргумент: 
Город: null
2023-06-26 04:50:39 INFO  ReceiveServer:95 - Данные отправлены на клиент
2023-06-26 04:50:48 INFO  ReceiveServer:67 - Данные полученные с сервера:
Команда: 3remove_lower
Аргумент: 
Город: null
2023-06-26 04:50:48 INFO  ReceiveServer:83 - Данные отправлены на клиент
2023-06-26 04:51:29 INFO  ReceiveServer:67 - Данные полученные с сервера:
Команда: help
Аргумент: 
Город: null
2023-06-26 04:51:29 INFO  ReceiveServer:95 - Данные отправлены на клиент
2023-06-26 04:51:43 INFO  ReceiveServer:67 - Данные полученные с сервера:
Команда: filter_contains_name
Аргумент: 
Город: null
2023-06-26 04:51:43 INFO  ReceiveServer:95 - Данные отправлены на клиент
2023-06-26 04:51:45 INFO  ReceiveServer:67 - Данные полученные с сервера:
Команда: filter_contains_name
Аргумент: d
Город: null
2023-06-26 04:51:45 INFO  ReceiveServer:95 - Данные отправлены на клиент
2023-06-26 04:51:49 INFO  ReceiveServer:67 - Данные полученные с сервера:
Команда: filter_contains_name
Аргумент: a
Город: null
2023-06-26 04:51:49 INFO  ReceiveServer:95 - Данные отправлены на клиент
2023-06-26 04:51:52 INFO  ReceiveServer:67 - Данные полученные с сервера:
Команда: filter_contains_name
Аргумент: ds
Город: null
2023-06-26 04:51:52 INFO  ReceiveServer:95 - Данные отправлены на клиент
2023-06-26 04:51:54 INFO  ReceiveServer:67 - Данные полученные с сервера:
Команда: filter_contains_name
Аргумент: s
Город: null
2023-06-26 04:51:54 INFO  ReceiveServer:95 - Данные отправлены на клиент
2023-06-26 04:51:56 INFO  ReceiveServer:67 - Данные полученные с сервера:
Команда: info
Аргумент: 
Город: null
2023-06-26 04:51:56 INFO  ReceiveServer:95 - Данные отправлены на клиент
2023-06-26 04:52:00 INFO  ReceiveServer:67 - Данные полученные с сервера:
Команда: exit
Аргумент: 
Город: null
2023-06-26 04:52:00 INFO  ReceiveServer:95 - Данные отправлены на клиент
2023-06-26 04:53:49 INFO  Server:42 - Соединение открыто
2023-06-26 04:54:00 INFO  ReceiveServer:67 - Данные полученные с сервера:
Команда: d
Аргумент: 
Город: null
2023-06-26 04:54:00 INFO  ReceiveServer:83 - Данные отправлены на клиент
2023-06-26 04:54:02 INFO  ReceiveServer:67 - Данные полученные с сервера:
Команда: show
Аргумент: 
Город: null
2023-06-26 04:54:02 INFO  ReceiveServer:95 - Данные отправлены на клиент
2023-06-26 04:54:34 INFO  ReceiveServer:67 - Данные полученные с сервера:
Команда: ds
Аргумент: 
Город: null
2023-06-26 04:54:34 INFO  ReceiveServer:83 - Данные отправлены на клиент
2023-06-26 04:54:35 INFO  ReceiveServer:67 - Данные полученные с сервера:
Команда: info
Аргумент: 
Город: null
2023-06-26 04:54:35 INFO  ReceiveServer:95 - Данные отправлены на клиент
2023-06-26 04:55:22 INFO  Server:42 - Соединение открыто
2023-06-26 05:58:02 INFO  Server:42 - Соединение открыто
2023-06-26 05:58:05 INFO  Server:42 - Соединение открыто
2023-06-26 05:58:49 INFO  ReceiveServer:67 - Данные полученные с сервера:
Команда: show
Аргумент: 
Город: null
2023-06-26 05:58:49 INFO  ReceiveServer:95 - Данные отправлены на клиент
2023-06-26 05:58:52 INFO  ReceiveServer:67 - Данные полученные с сервера:
Команда: sgow
Аргумент: 
Город: null
2023-06-26 05:58:52 INFO  ReceiveServer:83 - Данные отправлены на клиент
2023-06-26 05:58:55 INFO  ReceiveServer:67 - Данные полученные с сервера:
Команда: s
Аргумент: 
Город: null
2023-06-26 05:58:55 INFO  ReceiveServer:83 - Данные отправлены на клиент
2023-06-26 05:58:57 INFO  ReceiveServer:67 - Данные полученные с сервера:
Команда: s
Аргумент: 
Город: null
2023-06-26 05:58:57 INFO  ReceiveServer:83 - Данные отправлены на клиент
2023-06-26 05:58:59 INFO  ReceiveServer:67 - Данные полученные с сервера:
Команда: xz
Аргумент: 
Город: null
2023-06-26 05:58:59 INFO  ReceiveServer:83 - Данные отправлены на клиент
2023-06-26 05:59:00 INFO  ReceiveServer:67 - Данные полученные с сервера:
Команда: w
Аргумент: 
Город: null
2023-06-26 05:59:00 INFO  ReceiveServer:83 - Данные отправлены на клиент
